[08:56:36] [DEBUG] 路径初始化...
[08:56:36] [DEBUG] 载入config...
[08:58:08] [DEBUG] 路径初始化...
[08:58:08] [DEBUG] 载入config...
[08:58:40] [DEBUG] 路径初始化...
[08:58:40] [DEBUG] 载入config...
[09:01:49] [DEBUG] 路径初始化...
[09:01:49] [DEBUG] 载入config...
[09:05:03] [DEBUG] 路径初始化...
[09:05:03] [DEBUG] 载入config...
[09:07:46] [DEBUG] 路径初始化...
[09:07:46] [DEBUG] 载入config...
[09:08:02] [DEBUG] 路径初始化...
[09:08:02] [DEBUG] 载入config...
[09:08:23] [DEBUG] 路径初始化...
[09:08:23] [DEBUG] 载入config...
[09:11:14] [DEBUG] 路径初始化...
[09:11:14] [DEBUG] 载入config...
[09:12:22] [DEBUG] 路径初始化...
[09:12:22] [DEBUG] 载入config...
[09:14:27] [DEBUG] 路径初始化...
[09:14:27] [DEBUG] 载入config...
[09:15:09] [DEBUG] 路径初始化...
[09:15:09] [DEBUG] 载入config...
[09:15:33] [DEBUG] 路径初始化...
[09:15:33] [DEBUG] 载入config...
[09:15:33] [DEBUG] 载入config: basic
[09:15:33] [DEBUG] 载入config: sqlconf
[09:15:33] [DEBUG] 载入config: fofa_api
[09:15:33] [DEBUG] 载入config: google_api
[09:15:33] [DEBUG] 载入config: zoomeye_api
[09:15:33] [DEBUG] 载入config: shodan_api
[09:15:33] [DEBUG] 载入config: github_api
[09:15:33] [DEBUG] 载入config: ceye_api
[09:37:13] [DEBUG] 路径初始化...
[09:37:13] [DEBUG] 载入config...
[09:37:13] [DEBUG] 载入config: basic
[09:37:13] [DEBUG] 载入config: sqlconf
[09:37:13] [DEBUG] 载入config: fofa_api
[09:37:13] [DEBUG] 载入config: google_api
[09:37:13] [DEBUG] 载入config: zoomeye_api
[09:37:13] [DEBUG] 载入config: shodan_api
[09:37:13] [DEBUG] 载入config: github_api
[09:37:13] [DEBUG] 载入config: ceye_api
[09:38:20] [DEBUG] 路径初始化...
[09:38:20] [DEBUG] 载入config...
[09:38:20] [DEBUG] 载入config: basic
[09:38:20] [DEBUG] 载入config: sqlconf
[09:38:20] [DEBUG] 载入config: fofa_api
[09:38:20] [DEBUG] 载入config: google_api
[09:38:20] [DEBUG] 载入config: zoomeye_api
[09:38:20] [DEBUG] 载入config: shodan_api
[09:38:20] [DEBUG] 载入config: github_api
[09:38:20] [DEBUG] 载入config: ceye_api
[09:38:20] [+] 123
[09:38:29] [DEBUG] 路径初始化...
[09:38:29] [DEBUG] 载入config...
[09:38:29] [DEBUG] 载入config: basic
[09:38:29] [DEBUG] 载入config: sqlconf
[09:38:29] [DEBUG] 载入config: fofa_api
[09:38:29] [DEBUG] 载入config: google_api
[09:38:29] [DEBUG] 载入config: zoomeye_api
[09:38:29] [DEBUG] 载入config: shodan_api
[09:38:29] [DEBUG] 载入config: github_api
[09:38:29] [DEBUG] 载入config: ceye_api
[09:38:29] [DEBUG] 123
[14:44:01] [DEBUG] 路径初始化...
[14:44:01] [DEBUG] 载入config...
[14:44:01] [DEBUG] 载入config: basic
[14:44:01] [DEBUG] 载入config: sqlconf
[14:44:01] [DEBUG] 载入config: fofa_api
[14:44:01] [DEBUG] 载入config: google_api
[14:44:01] [DEBUG] 载入config: zoomeye_api
[14:44:01] [DEBUG] 载入config: shodan_api
[14:44:01] [DEBUG] 载入config: github_api
[14:44:01] [DEBUG] 载入config: ceye_api
[16:46:54] [*] Task created: 123
[16:46:54] [-] Can't load any targets! Please check input.
[16:47:30] [*] Task created: 123
[16:47:30] [-] Can't load any targets! Please check input.
[16:47:59] [*] Task created: 123
[16:47:59] [-] Can't load any targets! Please check input.
[16:48:53] [*] Task created: 123
[16:48:53] [-] Can't load any targets! Please check input.
[16:49:19] [*] Task created: 123
[16:49:19] [-] Can't load any targets! Please check input.
[16:53:02] [*] Task created: 123
[16:53:02] [-] Can't load any targets! Please check input.
