[14:48:03] [*] Task created: 123
[14:48:03] [*] 载入引擎: fofa
[14:48:06] [*] 任务 开始: 123
[14:48:06] [*] [123] 0 found | 0 error | 0 remaining | 0 scanning | 0 scanned in 2.91 seconds.(total 0)
[14:48:06] [*] [123] 0 found | 0 error | 0 remaining | 0 scanning | 0 scanned in 2.91 seconds.(total 0)
[14:48:06] [*] Task Finished: 123
[14:50:22] [*] Task created: 123
[14:50:22] [*] 载入引擎: fofa
[14:50:22] [*] 任务 开始: 123
[14:50:22] [*] [123] 0 found | 0 error | 0 remaining | 0 scanning | 0 scanned in 0.00 seconds.(total 0)
[14:50:22] [*] [123] 0 found | 0 error | 0 remaining | 0 scanning | 0 scanned in 0.00 seconds.(total 0)
[14:50:22] [*] Task Finished: 123
[14:52:47] [*] Task created: 123
[14:52:47] [*] 载入引擎: fofa
[14:52:47] [-] 请输入fofa语法!   -k XXX
[14:54:34] [*] Task created: 123
[14:54:34] [*] 载入引擎: fofa
[14:54:34] [-] 请输入fofa语法!   -k XXX
[14:55:04] [*] Task created: 123
[14:55:04] [*] 载入引擎: fofa
[14:55:04] [-] 请输入fofa语法!   -k XXX
[14:55:16] [*] Task created: 123
[14:55:16] [*] 载入引擎: fofa
[14:55:16] [*] 任务 开始: 123
[14:55:16] [*] [123] 0 found | 0 error | 0 remaining | 0 scanning | 0 scanned in 0.00 seconds.(total 0)
[14:55:16] [*] [123] 0 found | 0 error | 0 remaining | 0 scanning | 0 scanned in 0.00 seconds.(total 0)
[14:55:16] [*] Task Finished: 123
[14:56:28] [*] Task created: 123
[14:56:28] [*] 载入引擎: fofa
[14:56:28] [*] 任务 开始: 123
[14:56:28] [*] [123] 0 found | 0 error | 0 remaining | 0 scanning | 0 scanned in 0.00 seconds.(total 0)
[14:56:28] [*] [123] 0 found | 0 error | 0 remaining | 0 scanning | 0 scanned in 0.00 seconds.(total 0)
[14:56:28] [*] Task Finished: 123
[14:56:44] [*] Task created: 123
[14:56:44] [*] 载入引擎: fofa
[14:56:44] [*] 任务 开始: 123
[14:56:44] [*] [123] 0 found | 0 error | 0 remaining | 0 scanning | 0 scanned in 0.00 seconds.(total 0)
[14:56:44] [*] [123] 0 found | 0 error | 0 remaining | 0 scanning | 0 scanned in 0.00 seconds.(total 0)
[14:56:44] [*] Task Finished: 123
[14:57:09] [-] 输入的线程数量错误 [-t] , 范围: 1 - 500.
[14:58:46] [*] Task created: 123
[14:58:46] [*] 载入引擎: fofa
[14:58:46] [*] 任务 开始: 123
[14:58:46] [*] [123] 0 found | 0 error | 0 remaining | 0 scanning | 0 scanned in 0.00 seconds.(total 0)
[14:58:46] [*] [123] 0 found | 0 error | 0 remaining | 0 scanning | 0 scanned in 0.01 seconds.(total 0)
[14:58:46] [*] Task Finished: 123
[14:59:48] [*] Task created: 123
[14:59:48] [*] 载入引擎: fofa
[14:59:48] [*] 任务 开始: 123
[14:59:48] [*] [123] 0 found | 0 error | 0 remaining | 0 scanning | 0 scanned in 0.00 seconds.(total 0)
[14:59:48] [*] [123] 0 found | 0 error | 0 remaining | 0 scanning | 0 scanned in 0.00 seconds.(total 0)
[14:59:48] [*] Task Finished: 123
[15:00:08] [*] Task created: 123
[15:00:08] [*] 载入引擎: fofa
[15:00:08] [*] 任务 开始: 123
[15:00:08] [*] [123] 0 found | 0 error | 0 remaining | 0 scanning | 0 scanned in 0.00 seconds.(total 0)
[15:00:08] [*] [123] 0 found | 0 error | 0 remaining | 0 scanning | 0 scanned in 0.00 seconds.(total 0)
[15:00:08] [*] Task Finished: 123
[15:00:31] [+] 设置语法: test.
[15:00:31] [+] 设置语法: test.
[15:00:31] [*] Task created: 123
[15:00:31] [*] 载入引擎: fofa
[15:00:31] [*] 任务 开始: 123
[15:00:31] [*] [123] 0 found | 0 error | 0 remaining | 0 scanning | 0 scanned in 0.00 seconds.(total 0)
[15:00:31] [*] [123] 0 found | 0 error | 0 remaining | 0 scanning | 0 scanned in 0.00 seconds.(total 0)
[15:00:31] [*] Task Finished: 123
[15:00:45] [*] Task created: 123
[15:00:45] [*] 载入引擎: fofa
[15:00:45] [*] 任务 开始: 123
[15:00:45] [*] [123] 0 found | 0 error | 0 remaining | 0 scanning | 0 scanned in 0.00 seconds.(total 0)
[15:00:45] [*] [123] 0 found | 0 error | 0 remaining | 0 scanning | 0 scanned in 0.00 seconds.(total 0)
[15:00:45] [*] Task Finished: 123
[15:01:46] [*] Task created: 123
[15:01:46] [*] 载入引擎: fofa
[15:01:46] [*] 任务 开始: 123
[15:01:46] [*] [123] 0 found | 0 error | 0 remaining | 0 scanning | 0 scanned in 0.00 seconds.(total 0)
[15:01:46] [*] [123] 0 found | 0 error | 0 remaining | 0 scanning | 0 scanned in 0.00 seconds.(total 0)
[15:01:46] [*] Task Finished: 123
[15:02:48] [-] 输入的线程数量错误 [-t] , 范围: 1 - 500.
[15:03:50] [-] 请先检查是否载入搜索引擎! [-S].
[15:05:08] [-] 请先检查是否载入搜索引擎! [-S].
[15:05:15] [*] Task created: 123
[15:05:15] [*] 载入引擎: fofa
[15:05:15] [-] 请输入fofa语法!   -k XXX
[15:05:20] [-] 请先检查是否载入搜索引擎! [-S].
[15:05:59] [-] 请先检查是否载入搜索引擎! [-S].
[15:06:06] [-] 请先检查是否载入搜索引擎! [-S].
[15:06:35] [-] 请先检查是否载入搜索引擎! [-S].
[15:07:54] [*] Task created: 123
[15:07:54] [*] 载入引擎: fofa
[15:07:54] [-] 请输入fofa语法!   -k XXX
[15:07:59] [-] 请先检查是否载入搜索引擎! [-S].
[15:08:05] [*] Task created: 123
[15:08:05] [*] 载入引擎: fofa
[15:08:06] [-] 输出错误,请确认输入的关键词!
[15:08:06] [*] 任务 开始: 123
[15:08:06] [*] [123] 0 found | 0 error | 0 remaining | 0 scanning | 0 scanned in 0.46 seconds.(total 0)
[15:08:06] [*] [123] 0 found | 0 error | 0 remaining | 0 scanning | 0 scanned in 0.46 seconds.(total 0)
[15:08:06] [*] Task Finished: 123
[15:08:55] [*] Task created: 123
[15:08:55] [*] 载入引擎: fofa
[15:08:56] [-] 输出错误,请确认输入的关键词!
[15:11:07] [*] Task created: 123
[15:11:07] [*] 载入引擎: fofa
[15:11:40] [*] Task created: 123
[15:11:40] [*] 载入引擎: fofa
[15:12:30] [*] Task created: 123
[15:12:30] [*] 载入引擎: fofa
[15:12:30] [+] 配置关键词为1
[15:12:49] [*] Task created: 123
[15:12:49] [*] 载入引擎: fofa
[15:12:49] [+] 配置关键词为：1
[15:13:50] [*] 设置语法: 1.
[15:13:50] [*] 设置语法: 1.
[15:13:50] [*] Task created: 123
[15:13:50] [*] 载入引擎: fofa
[15:16:42] [*] 设置语法: 1.
[15:16:42] [*] 设置语法: 1.
[15:16:42] [*] Task created: 123
[15:16:42] [*] 载入引擎: fofa
[15:17:18] [*] 设置语法: 1.
[15:17:18] [*] Task created: 123
[15:17:18] [*] 载入引擎: fofa
[15:17:24] [*] Task created: 123
[15:17:24] [*] 载入引擎: fofa
[15:17:24] [-] 请输入fofa语法!   -k XXX
[15:19:24] [*] Task created: 123
[15:19:24] [*] 载入引擎: fofa
[15:19:24] [-] 请输入fofa语法!   -k XXX
[15:19:35] [*] 设置语法: 1.
[15:19:35] [*] Task created: 123
[15:19:35] [*] 载入引擎: fofa
[15:20:42] [*] 载入引擎: fofa
[15:20:42] [*] 设置语法: 1.
[15:20:42] [*] Task created: 123
[15:21:15] [*] 载入引擎: fofa
[15:21:15] [*] 设置语法: 1
[15:21:15] [*] Task created: 123
[15:22:07] [*] 载入引擎: fofa
[15:22:07] [*] 设置语法: 1
[15:22:07] [*] Task created: 123
[15:22:30] [*] 载入引擎: fofa
[15:22:30] [*] 设置语法: 1
[15:22:30] [*] Task created: 123
[15:22:42] [*] 载入引擎: fofa
[15:22:42] [*] Task created: 123
[15:22:42] [-] 请输入fofa语法!   -k XXX
[15:22:48] [-] 请先检查是否载入搜索引擎! [-S].
[15:22:55] [*] 载入引擎: fofa
[15:22:55] [*] 设置语法: 1
[15:22:55] [*] Task created: 123
[15:23:39] [*] 载入引擎: fofa
[15:23:39] [*] 设置语法: 1
[15:23:39] [*] Task created: 123
[15:24:08] [*] 设置线程数量: 10.
[15:24:08] [*] 载入引擎: fofa
[15:24:08] [*] 设置语法: 1
[15:24:08] [*] Task created: 123
[15:24:18] [*] 设置线程数量: 10
[15:24:18] [*] 载入引擎: fofa
[15:24:18] [*] 设置语法: 1
[15:24:18] [*] Task created: 123
[15:25:57] [*] 设置线程数量: 10
[15:25:57] [*] 载入引擎: fofa
[15:25:57] [*] 设置语法: 1
[15:25:57] [*] Task created: 123
[15:26:21] [*] 设置线程数量: 10
[15:26:21] [*] 载入引擎: fofa
[15:26:21] [*] 设置语法: 1
[15:26:21] [*] Task created: 123
[15:26:29] [*] 设置线程数量: 10
[15:26:29] [*] 载入引擎: fofa
[15:26:29] [*] 设置语法: 1
[15:26:29] [*] Task created: 123
[15:27:23] [*] 设置线程数量: 10
[15:27:23] [*] 载入引擎: fofa
[15:27:23] [*] 设置语法: 1
[15:27:23] [*] Task created: 123
[15:28:27] [*] 设置线程数量: 10
[15:28:27] [*] 载入引擎: fofa
[15:28:27] [*] 设置语法: 1
[15:28:27] [*] Task created: 123
[15:28:35] [*] 设置线程数量: 10
[15:28:35] [*] 载入引擎: fofa
[15:28:35] [*] 设置语法: 1
[15:28:35] [*] Task created: 123
[15:28:52] [*] 设置线程数量: 10
[15:28:52] [*] 载入引擎: fofa
[15:28:52] [*] 设置语法: 1
[15:28:52] [*] Task created: 123
[15:29:49] [*] 设置线程数量: 10
[15:29:49] [*] 载入引擎: fofa
[15:29:49] [*] 设置语法: 1
[15:29:49] [*] Task created: 123
[15:30:05] [*] 设置线程数量: 10
[15:30:05] [*] 载入引擎: fofa
[15:30:05] [*] 设置语法: 1
[15:30:05] [*] Task created: 123
[15:30:16] [*] 设置线程数量: 10
[15:30:16] [*] 载入引擎: fofa
[15:30:16] [*] 设置语法: 1
[15:30:16] [*] Task created: 123
[15:31:01] [*] 设置线程数量: 10
[15:31:01] [*] 载入引擎: fofa
[15:31:01] [*] 设置语法: 1
[15:31:01] [*] Task created: 123
[15:31:20] [*] 设置线程数量: 10
[15:31:20] [*] 载入引擎: fofa
[15:31:20] [*] 设置语法: 1
[15:31:20] [*] Task created: 123
[15:31:42] [*] 设置线程数量: 10
[15:31:42] [*] 载入引擎: fofa
[15:31:42] [*] 设置语法: 1
[15:31:42] [*] Task created: 123
[15:32:03] [*] 设置线程数量: 10
[15:32:03] [*] 载入引擎: fofa
[15:32:03] [*] 设置语法: 1
[15:32:03] [*] Task created: 123
[15:35:55] [*] 设置线程数量: 10
[15:35:55] [*] 载入引擎: fofa
[15:35:55] [*] 设置语法: 1
[15:35:55] [*] Task created: 123
[15:37:09] [*] 设置线程数量: 10
[15:37:09] [*] 载入引擎: fofa
[15:37:09] [*] 设置语法: 1
[15:37:09] [*] Task created: 123
[15:37:16] [*] 设置线程数量: 10
[15:37:16] [*] 载入引擎: fofa
[15:37:16] [*] 设置语法: 1
[15:37:16] [*] Task created: 123
[15:37:29] [*] 设置线程数量: 10
[15:37:29] [*] 载入引擎: fofa
[15:37:29] [*] 设置语法: 1
[15:37:29] [*] Task created: 123
[15:37:58] [*] 设置线程数量: 10
[15:37:58] [*] 载入引擎: fofa
[15:37:58] [*] 设置语法: 1
[15:37:58] [*] Task created: 123
[15:38:11] [*] 设置线程数量: 10
[15:38:11] [*] 载入引擎: fofa
[15:38:11] [*] 设置语法: 1
[15:38:11] [*] Task created: 123
[15:49:31] [*] 设置线程数量: 10
[15:49:31] [*] 载入引擎: fofa
[15:49:31] [*] 设置语法: 1
[15:49:31] [*] Task created: 123
[15:51:41] [*] 设置线程数量: 10
[15:51:41] [*] 载入引擎: fofa
[15:51:41] [*] 设置语法: 1
[15:51:41] [*] Task created: 123
[15:52:06] [*] 设置线程数量: 10
[15:52:06] [*] 载入引擎: fofa
[15:52:06] [*] 设置语法: 1
[15:52:06] [*] Task created: 123
[15:52:06] [-] 连接失败!fofa炸了?账号没有权限?
[15:54:18] [*] 设置线程数量: 10
[15:54:18] [*] 载入引擎: fofa
[15:54:18] [*] 设置语法: 1
[15:54:18] [*] Task created: 123
[15:55:43] [*] 设置线程数量: 10
[15:55:43] [*] 载入引擎: fofa
[15:55:43] [*] 设置语法: 1
[15:55:43] [*] Task created: 123
[15:57:50] [*] 设置线程数量: 10
[15:57:50] [*] 载入引擎: fofa
[15:57:50] [*] 设置语法: 1
[15:57:50] [*] Task created: 123
[16:19:19] [*] 设置线程数量: 10
[16:19:19] [*] 载入引擎: fofa
[16:19:19] [*] 设置语法: 1
[16:19:19] [*] Task created: 123
[16:27:46] [*] 设置线程数量: 10
[16:27:46] [*] 载入引擎: fofa
[16:27:46] [*] 设置语法: 1
[16:27:46] [*] Task created: 123
[16:30:02] [*] 设置线程数量: 10
[16:30:02] [*] 载入引擎: fofa
[16:30:02] [*] 设置语法: 1
[16:30:02] [*] Task created: 123
[16:33:25] [*] 设置线程数量: 10
[16:33:25] [*] 载入引擎: fofa
[16:33:25] [*] 设置语法: 1
[16:33:25] [*] Task created: 123
[16:35:09] [*] 设置线程数量: 10
[16:35:09] [*] 载入引擎: fofa
[16:35:09] [*] 设置语法: 1
[16:35:09] [*] Task created: 123
[16:35:36] [*] 设置线程数量: 10
[16:35:36] [*] 载入引擎: fofa
[16:35:36] [*] 设置语法: 1
[16:35:36] [*] Task created: 123
[16:36:56] [*] 设置线程数量: 10
[16:36:56] [*] 载入引擎: fofa
[16:36:56] [*] 设置语法: 1
[16:36:56] [*] Task created: 123
[16:41:21] [*] 设置线程数量: 10
[16:41:21] [*] 载入引擎: fofa
[16:41:21] [*] 设置语法: 1
[16:41:21] [*] Task created: 123
[16:41:37] [*] 设置线程数量: 10
[16:41:37] [*] 载入引擎: fofa
[16:41:37] [*] 设置语法: 1
[16:41:37] [*] Task created: 123
[16:50:52] [*] 设置线程数量: 10
[16:50:52] [*] 载入引擎: fofa
[16:50:52] [*] 设置语法: 1
[16:50:52] [*] Task created: 123
[16:53:57] [*] 设置线程数量: 10
[16:53:57] [*] 载入引擎: fofa
[16:53:57] [*] 设置语法: 1
[16:53:57] [*] Task created: 123
[17:14:53] [*] 设置线程数量: 10
[17:14:53] [*] 载入引擎: fofa
[17:14:53] [*] 设置语法: 1
[17:14:53] [*] Task created: 123
[17:15:25] [*] 设置线程数量: 10
[17:15:25] [*] 载入引擎: fofa
[17:15:25] [*] 设置语法: 1
[17:15:25] [*] Task created: 123
[17:16:21] [*] 设置线程数量: 10
[17:16:21] [*] 载入引擎: fofa
[17:16:21] [*] 设置语法: 1
[17:16:21] [*] Task created: 123
[17:21:59] [*] 设置线程数量: 10
[17:21:59] [*] 载入引擎: fofa
[17:21:59] [*] 设置语法: 1
[17:21:59] [*] Task created: 123
[17:23:03] [*] 设置线程数量: 10
[17:23:03] [*] 载入引擎: fofa
[17:23:03] [*] 设置语法: 1
[17:23:03] [*] Task created: 123
[17:23:48] [*] 设置线程数量: 10
[17:23:48] [*] 载入引擎: fofa
[17:23:48] [*] 设置语法: 1
[17:23:48] [*] Task created: 123
[19:58:09] [*] 设置线程数量: 10
[19:58:09] [*] 载入引擎: fofa
[19:58:09] [*] 设置语法: 1
[19:58:09] [*] Task created: 123
[20:02:59] [*] 设置线程数量: 10
[20:02:59] [*] 载入引擎: fofa
[20:02:59] [*] 设置语法: 1
[20:02:59] [*] Task created: 123
