[08:25:56] [*] Task created: 123
[08:25:56] [-] Can't load any targets! Please check input.
[08:27:48] [*] Task created: 123
[08:27:48] [-] Can't load any targets! Please check input.
[08:31:02] [*] Task created: 123
[08:31:02] [-] Can't load any targets! Please check input.
[08:31:05] [*] Task created: 123
[08:31:05] [-] Can't load any targets! Please check input.
[08:32:49] [*] Task created: 123
[08:32:49] [-] Can't load any targets! Please check input.
[08:33:44] [*] Task created: 123
[08:33:44] [-] Can't load any targets! Please check input.
[08:40:12] [*] Task created: 123
[08:40:12] [-] Can't load any targets! Please check input.
[08:50:03] [*] Task created: 123
[08:50:03] [*] Loading target by fofa: fofa
[08:56:34] [*] Task created: 123
[08:56:34] [*] 载入引擎: fofa
[08:56:34] [-] Can't load any targets! Please check input.
[08:59:19] [*] Task created: 123
[08:59:19] [*] 载入引擎: fofa
[08:59:19] [-] 请输入fofa语法!
[08:59:19] [-] Can't load any targets! Please check input.
[09:51:46] [*] Task created: 123
[09:51:46] [*] 载入引擎: fofa
[09:51:46] [-] 请输入fofa语法!
[09:51:46] [-] Can't load any targets! Please check input.
[09:53:04] [*] Task created: 123
[09:53:04] [*] 载入引擎: fofa
[09:53:04] [-] 请输入fofa语法!
[09:53:04] [-] Can't load any targets! Please check input.
[09:53:15] [*] Task created: 123
[09:53:15] [*] 载入引擎: fofa
[09:53:15] [-] 请输入fofa语法!
[09:53:15] [-] Can't load any targets! Please check input.
[09:54:35] [*] Task created: 123
[09:54:35] [*] 载入引擎: fofa
[09:54:35] [-] Can't load any targets! Please check input.
[09:55:02] [*] Task created: 123
[09:55:02] [*] 载入引擎: fofa
[09:55:07] [-] Can't load any targets! Please check input.
[10:07:18] [*] Task created: 123
[10:07:18] [*] 载入引擎: fofa
[10:07:22] [-] Can't load any targets! Please check input.
[10:09:20] [*] Task created: 123
[10:09:20] [*] 载入引擎: fofa
[10:09:24] [-] Can't load any targets! Please check input.
[10:10:05] [*] Task created: 123
[10:10:05] [*] 载入引擎: fofa
[10:10:05] [*] Task running: 123
[10:10:05] [*] [123] 0 found | 0 error | 0 remaining | 0 scanning | 0 scanned in 0.00 seconds.(total 0)
[10:10:05] [*] [123] 0 found | 0 error | 0 remaining | 0 scanning | 0 scanned in 0.00 seconds.(total 0)
[10:10:05] [*] Task Finished: 123
[10:10:36] [*] Task created: 123
[10:10:36] [*] 载入引擎: fofa
[10:10:41] [*] Task running: 123
[10:10:41] [*] [123] 0 found | 0 error | 0 remaining | 0 scanning | 0 scanned in 4.46 seconds.(total 0)
[10:10:41] [*] [123] 0 found | 0 error | 0 remaining | 0 scanning | 0 scanned in 4.46 seconds.(total 0)
[10:10:41] [*] Task Finished: 123
[10:12:08] [*] Task created: 123
[10:12:08] [*] 载入引擎: fofa
[10:12:17] [*] Task running: 123
[10:12:17] [*] [123] 0 found | 0 error | 0 remaining | 0 scanning | 0 scanned in 9.02 seconds.(total 0)
[10:12:17] [*] [123] 0 found | 0 error | 0 remaining | 0 scanning | 0 scanned in 9.02 seconds.(total 0)
[10:12:17] [*] Task Finished: 123
[10:12:51] [*] Task created: 123
[10:12:51] [*] 载入引擎: fofa
[10:12:51] [-] 请输入fofa语法!
[10:12:51] [*] Task running: 123
[10:12:51] [*] [123] 0 found | 0 error | 0 remaining | 0 scanning | 0 scanned in 0.00 seconds.(total 0)
[10:12:51] [*] [123] 0 found | 0 error | 0 remaining | 0 scanning | 0 scanned in 0.00 seconds.(total 0)
[10:12:51] [*] Task Finished: 123
[10:13:05] [*] Task created: 123
[10:13:05] [*] 载入引擎: fofa
[10:13:14] [*] Task running: 123
[10:13:14] [*] [123] 0 found | 0 error | 0 remaining | 0 scanning | 0 scanned in 9.03 seconds.(total 0)
[10:13:14] [*] [123] 0 found | 0 error | 0 remaining | 0 scanning | 0 scanned in 9.03 seconds.(total 0)
[10:13:14] [*] Task Finished: 123
[10:13:28] [*] Task created: 123
[10:13:28] [*] 载入引擎: fofa
[10:13:28] [-] 请输入fofa语法!
[10:15:27] [*] Task created: 123
[10:15:27] [*] 载入引擎: fofa
[10:15:29] [*] Task running: 123
[10:15:29] [*] [123] 0 found | 0 error | 0 remaining | 0 scanning | 0 scanned in 2.01 seconds.(total 0)
[10:15:29] [*] [123] 0 found | 0 error | 0 remaining | 0 scanning | 0 scanned in 2.01 seconds.(total 0)
[10:15:29] [*] Task Finished: 123
[15:26:51] [*] Task created: 123
[15:26:51] [*] 载入引擎: fofa
[15:28:54] [*] Task created: 123
[15:28:54] [*] 载入引擎: fofa
[15:29:05] [*] Task created: 123
[15:29:05] [*] 载入引擎: fofa
[15:29:05] [*] Task running: 123
[15:29:05] [*] [123] 0 found | 0 error | 0 remaining | 0 scanning | 0 scanned in 0.00 seconds.(total 0)
[15:29:05] [*] [123] 0 found | 0 error | 0 remaining | 0 scanning | 0 scanned in 0.00 seconds.(total 0)
[15:29:05] [*] Task Finished: 123
[15:30:00] [*] Task created: 123
[15:30:00] [*] 载入引擎: fofa
[15:30:00] [*] Task running: 123
[15:30:00] [*] [123] 0 found | 0 error | 0 remaining | 0 scanning | 0 scanned in 0.00 seconds.(total 0)
[15:30:00] [*] [123] 0 found | 0 error | 0 remaining | 0 scanning | 0 scanned in 0.00 seconds.(total 0)
[15:30:00] [*] Task Finished: 123
[15:30:38] [*] Task created: 123
[15:30:38] [*] 载入引擎: fofa
[15:30:50] [*] Task created: 123
[15:30:50] [*] 载入引擎: fofa
[15:30:50] [*] Task running: 123
[15:30:50] [*] [123] 0 found | 0 error | 0 remaining | 0 scanning | 0 scanned in 0.00 seconds.(total 0)
[15:30:50] [*] [123] 0 found | 0 error | 0 remaining | 0 scanning | 0 scanned in 0.00 seconds.(total 0)
[15:30:50] [*] Task Finished: 123
[15:38:16] [*] Task created: 123
[15:38:16] [*] 载入引擎: fofa
[15:38:16] [*] Task running: 123
[15:38:16] [*] [123] 0 found | 0 error | 0 remaining | 0 scanning | 0 scanned in 0.00 seconds.(total 0)
[15:38:16] [*] [123] 0 found | 0 error | 0 remaining | 0 scanning | 0 scanned in 0.00 seconds.(total 0)
[15:38:16] [*] Task Finished: 123
[16:31:04] [*] Task created: 123
[16:31:04] [*] 载入引擎: fofa
[16:31:04] [*] Task running: 123
[16:31:04] [*] [123] 0 found | 0 error | 0 remaining | 0 scanning | 0 scanned in 0.00 seconds.(total 0)
[16:31:04] [*] [123] 0 found | 0 error | 0 remaining | 0 scanning | 0 scanned in 0.00 seconds.(total 0)
[16:31:04] [*] Task Finished: 123
[16:33:25] [*] Task created: 123
[16:33:25] [*] 载入引擎: fofa
[16:33:28] [*] Task running: 123
[16:33:28] [*] [123] 0 found | 0 error | 0 remaining | 0 scanning | 0 scanned in 2.81 seconds.(total 0)
[16:33:28] [*] [123] 0 found | 0 error | 0 remaining | 0 scanning | 0 scanned in 2.81 seconds.(total 0)
[16:33:28] [*] Task Finished: 123
[16:33:39] [*] Task created: 123
[16:33:39] [*] 载入引擎: fofa
[16:33:44] [*] Task running: 123
[16:33:44] [*] [123] 0 found | 0 error | 0 remaining | 0 scanning | 0 scanned in 5.25 seconds.(total 0)
[16:33:44] [*] [123] 0 found | 0 error | 0 remaining | 0 scanning | 0 scanned in 5.25 seconds.(total 0)
[16:33:44] [*] Task Finished: 123
[16:36:23] [*] Task created: 123
[16:36:23] [*] 载入引擎: fofa
[16:36:25] [*] Task running: 123
[16:36:25] [*] [123] 0 found | 0 error | 0 remaining | 0 scanning | 0 scanned in 2.39 seconds.(total 0)
[16:36:25] [*] [123] 0 found | 0 error | 0 remaining | 0 scanning | 0 scanned in 2.39 seconds.(total 0)
[16:36:25] [*] Task Finished: 123
[16:37:04] [*] Task created: 123
[16:37:04] [*] 载入引擎: fofa
[16:37:09] [*] Task running: 123
[16:37:09] [*] [123] 0 found | 0 error | 0 remaining | 0 scanning | 0 scanned in 5.61 seconds.(total 0)
[16:37:09] [*] [123] 0 found | 0 error | 0 remaining | 0 scanning | 0 scanned in 5.61 seconds.(total 0)
[16:37:09] [*] Task Finished: 123
[16:45:04] [*] Task created: 123
[16:45:04] [*] 载入引擎: fofa
[16:45:04] [-] 请输入fofa语法!
[16:45:17] [*] Task created: 123
[16:45:17] [*] 载入引擎: fofa
[16:45:17] [-] 请输入fofa语法!   -k XXX
[16:48:59] [*] Task created: 123
[16:48:59] [*] 载入引擎: fofa
[16:49:05] [-] 输出错误,请确认输入的关键词!
[16:49:05] [*] Task running: 123
[16:49:05] [*] [123] 0 found | 0 error | 0 remaining | 0 scanning | 0 scanned in 5.35 seconds.(total 0)
[16:49:05] [*] [123] 0 found | 0 error | 0 remaining | 0 scanning | 0 scanned in 5.35 seconds.(total 0)
[16:49:05] [*] Task Finished: 123
[16:49:56] [*] Task created: 123
[16:49:56] [*] 载入引擎: fofa
[16:50:00] [*] Task running: 123
[16:50:00] [*] [123] 0 found | 0 error | 0 remaining | 0 scanning | 0 scanned in 3.51 seconds.(total 0)
[16:50:00] [*] [123] 0 found | 0 error | 0 remaining | 0 scanning | 0 scanned in 3.52 seconds.(total 0)
[16:50:00] [*] Task Finished: 123
[18:30:50] [*] Task created: 123
[18:30:50] [*] 载入引擎: fofa
[18:30:55] [-] 输出错误,请确认输入的关键词!
[18:30:55] [*] 任务 开始: 123
[18:30:55] [*] [123] 0 found | 0 error | 0 remaining | 0 scanning | 0 scanned in 4.36 seconds.(total 0)
[18:30:55] [*] [123] 0 found | 0 error | 0 remaining | 0 scanning | 0 scanned in 4.36 seconds.(total 0)
[18:30:55] [*] Task Finished: 123
