[08:04:52] [*] 设置线程数量: 10
[08:04:52] [*] 载入引擎: fofa
[08:04:52] [*] 设置语法: 1
[08:04:52] [*] Task created: 123
[08:05:13] [*] 设置线程数量: 10
[08:05:13] [*] 载入引擎: fofa
[08:05:13] [*] 设置语法: 1
[08:05:13] [*] Task created: 123
[08:18:14] [*] 设置线程数量: 10
[08:18:14] [*] 载入引擎: fofa
[08:18:14] [*] 设置语法: 1
[08:18:14] [*] Task created: 123
[08:18:14] [-] 输出错误,请确认输入的关键词!
[08:18:14] [-] 输出错误,请确认输入的关键词!
[08:18:14] [-] 输出错误,请确认输入的关键词!
[08:18:14] [-] 输出错误,请确认输入的关键词!
[08:18:14] [-] 输出错误,请确认输入的关键词!
[08:18:14] [-] 输出错误,请确认输入的关键词!
[08:18:14] [-] 输出错误,请确认输入的关键词!
[08:18:14] [-] 输出错误,请确认输入的关键词!
[08:18:14] [-] 输出错误,请确认输入的关键词!
[08:18:14] [-] 输出错误,请确认输入的关键词!
[08:18:14] [-] 输出错误,请确认输入的关键词!
[08:18:14] [-] 输出错误,请确认输入的关键词!
[08:18:14] [-] 输出错误,请确认输入的关键词!
[08:18:14] [-] 输出错误,请确认输入的关键词!
[08:18:14] [-] 输出错误,请确认输入的关键词!
[08:18:14] [-] 输出错误,请确认输入的关键词!
[08:19:54] [*] 设置线程数量: 10
[08:19:54] [*] 载入引擎: fofa
[08:19:54] [*] 设置语法: 1
[08:19:54] [*] Task created: 123
[08:19:54] [-] 输出错误,请确认输入的关键词!
[08:19:54] [-] 输出错误,请确认输入的关键词!
[08:19:54] [-] 输出错误,请确认输入的关键词!
[08:29:00] [*] 设置线程数量: 10
[08:29:00] [*] 载入引擎: fofa
[08:29:00] [*] 设置语法: 123
[08:29:00] [*] Task created: 123
[08:29:08] [*] 设置线程数量: 10
[08:29:08] [*] 载入引擎: fofa
[08:29:08] [*] 设置语法: 123
[08:29:08] [*] Task created: 123
[08:29:34] [*] 设置线程数量: 10
[08:29:34] [*] 载入引擎: fofa
[08:29:34] [*] 设置语法: 123
[08:29:34] [*] Task created: 123
[08:29:34] [-] 输出错误,请确认输入的关键词!
[08:29:34] [-] 输出错误,请确认输入的关键词!
[08:29:34] [-] 输出错误,请确认输入的关键词!
[08:30:40] [*] 设置线程数量: 10
[08:30:40] [*] 载入引擎: fofa
[08:30:40] [*] 设置语法: 123
[08:30:40] [*] Task created: 123
[08:30:40] [-] 输出错误,请确认输入的关键词!
[08:30:40] [-] 输出错误,请确认输入的关键词!
[08:30:40] [-] 输出错误,请确认输入的关键词!
